<?xml version="1.0" encoding="UTF-8"?>
<robot generator="Robot 7.1.1 (Python 3.13.1 on win32)" generated="2024-12-29T13:38:26.151429" rpa="false" schemaversion="5">
<suite id="s1" name="Search Feature" source="c:\Users\Dr Vortex\Documents\Bootcamp\robot-framework\robot-framework-TMDigital\test_case\search_feature.robot">
<test id="s1-t1" name="Background" line="6">
<kw name="Given User Open The Website" owner="background">
<kw name="Open Browser" owner="SeleniumLibrary">
<msg time="2024-12-29T13:38:26.506161" level="INFO">Opening browser 'Chrome' to base url 'https://wgs:25K9v47BU52NpegG@beta-tmdigital.stagingapps.net/login'.</msg>
<arg>${SP_URL}</arg>
<arg>${BROWSER}</arg>
<doc>Opens a new browser instance to the optional ``url``.</doc>
<status status="PASS" start="2024-12-29T13:38:26.505804" elapsed="3.255346"/>
</kw>
<kw name="Maximize Browser Window" owner="SeleniumLibrary">
<doc>Maximizes current browser window.</doc>
<status status="PASS" start="2024-12-29T13:38:29.761578" elapsed="0.027997"/>
</kw>
<status status="PASS" start="2024-12-29T13:38:26.504742" elapsed="3.285101"/>
</kw>
<kw name="When User is logged into the website" owner="background">
<kw name="I Should See Login Page" owner="background">
<kw name="Page Should Contain" owner="SeleniumLibrary">
<msg time="2024-12-29T13:38:29.811493" level="INFO">Current page contains text 'Sign in'.</msg>
<arg>Sign in</arg>
<doc>Verifies that current page contains ``text``.</doc>
<status status="PASS" start="2024-12-29T13:38:29.792279" elapsed="0.019513"/>
</kw>
<kw name="Sleep" owner="BuiltIn">
<msg time="2024-12-29T13:38:32.812609" level="INFO">Slept 3 seconds.</msg>
<arg>3s</arg>
<doc>Pauses the test executed for the given time.</doc>
<status status="PASS" start="2024-12-29T13:38:29.812028" elapsed="3.000866"/>
</kw>
<status status="PASS" start="2024-12-29T13:38:29.791742" elapsed="3.021323"/>
</kw>
<kw name="I Input Email" owner="login_steps">
<kw name="Input Text" owner="SeleniumLibrary">
<msg time="2024-12-29T13:38:32.813997" level="INFO">Typing text 'dikychairula@gmail.com' into text field '//input[@name='email']'.</msg>
<arg>//input[@name='email']</arg>
<arg>${EMAIL}</arg>
<doc>Types the given ``text`` into the text field identified by ``locator``.</doc>
<status status="PASS" start="2024-12-29T13:38:32.813598" elapsed="0.138893"/>
</kw>
<status status="PASS" start="2024-12-29T13:38:32.813285" elapsed="0.139504"/>
</kw>
<kw name="I Input Password" owner="login_steps">
<kw name="Input Text" owner="SeleniumLibrary">
<msg time="2024-12-29T13:38:32.953694" level="INFO">Typing text 'Kmzwa8awaa' into text field '//input[@name='password']'.</msg>
<arg>//input[@name='password']</arg>
<arg>${PASSWORD}</arg>
<doc>Types the given ``text`` into the text field identified by ``locator``.</doc>
<status status="PASS" start="2024-12-29T13:38:32.953391" elapsed="0.083667"/>
</kw>
<status status="PASS" start="2024-12-29T13:38:32.953048" elapsed="0.084418"/>
</kw>
<kw name="I Click Submit Button" owner="login_steps">
<kw name="Click Button" owner="SeleniumLibrary">
<msg time="2024-12-29T13:38:33.038804" level="INFO">Clicking button '//button[contains(text(), 'Sign In')]'.</msg>
<arg>//button[contains(text(), 'Sign In')]</arg>
<doc>Clicks the button identified by ``locator``.</doc>
<status status="PASS" start="2024-12-29T13:38:33.038461" elapsed="4.817459"/>
</kw>
<status status="PASS" start="2024-12-29T13:38:33.037954" elapsed="4.818252"/>
</kw>
<kw name="I Should See Dashboard" owner="login_steps">
<kw name="Element Should Be Visible" owner="SeleniumLibrary">
<msg time="2024-12-29T13:38:37.884055" level="INFO">Element '//h1[contains(text(), 'Dashboard')]' is displayed.</msg>
<arg>//h1[contains(text(), 'Dashboard')]</arg>
<arg>timeout=15 seconds</arg>
<doc>Verifies that the element identified by ``locator`` is visible.</doc>
<status status="PASS" start="2024-12-29T13:38:37.856996" elapsed="0.027302"/>
</kw>
<kw name="Sleep" owner="BuiltIn">
<msg time="2024-12-29T13:38:40.885021" level="INFO">Slept 3 seconds.</msg>
<arg>3s</arg>
<doc>Pauses the test executed for the given time.</doc>
<status status="PASS" start="2024-12-29T13:38:37.884512" elapsed="3.000766"/>
</kw>
<status status="PASS" start="2024-12-29T13:38:37.856540" elapsed="3.028894"/>
</kw>
<status status="PASS" start="2024-12-29T13:38:29.790946" elapsed="11.094603"/>
</kw>
<kw name="And I Click The Project" owner="create_feature_steps">
<kw name="Click Element" owner="SeleniumLibrary">
<msg time="2024-12-29T13:38:40.887239" level="INFO">Clicking element '//span[contains(text(), 'VentureHub')]'.</msg>
<arg>//span[contains(text(), '${PROJECT}')]</arg>
<doc>Click the element identified by ``locator``.</doc>
<status status="PASS" start="2024-12-29T13:38:40.886795" elapsed="3.999052"/>
</kw>
<kw name="Element Should Be Visible" owner="SeleniumLibrary">
<msg time="2024-12-29T13:38:44.950573" level="INFO">Element '//h2[contains(text(), 'Features List')]' is displayed.</msg>
<arg>//h2[contains(text(), 'Features List')]</arg>
<arg>timeout=15 seconds</arg>
<doc>Verifies that the element identified by ``locator`` is visible.</doc>
<status status="PASS" start="2024-12-29T13:38:44.886133" elapsed="0.064713"/>
</kw>
<status status="PASS" start="2024-12-29T13:38:40.886354" elapsed="4.064662"/>
</kw>
<status status="PASS" start="2024-12-29T13:38:26.503558" elapsed="18.448630"/>
</test>
<test id="s1-t2" name="User Search Feature By Name" line="11">
<kw name="Given I Am On The Feature Page" owner="background">
<kw name="Element Should Be Visible" owner="SeleniumLibrary">
<msg time="2024-12-29T13:38:45.002449" level="INFO">Element '//h2[contains(text(), 'Features List')]' is displayed.</msg>
<arg>//h2[contains(text(), 'Features List')]</arg>
<doc>Verifies that the element identified by ``locator`` is visible.</doc>
<status status="PASS" start="2024-12-29T13:38:44.954637" elapsed="0.048126"/>
</kw>
<status status="PASS" start="2024-12-29T13:38:44.954299" elapsed="0.048623"/>
</kw>
<kw name="When I Fill Search Feature Name" owner="search_feature_steps">
<kw name="Input Text" owner="SeleniumLibrary">
<msg time="2024-12-29T13:38:45.004299" level="INFO">Typing text '[FE] - User Login' into text field '//input[@id='searchInput']'.</msg>
<arg>//input[@id='searchInput']</arg>
<arg>${FEATURE_SEARCH}</arg>
<doc>Types the given ``text`` into the text field identified by ``locator``.</doc>
<status status="PASS" start="2024-12-29T13:38:45.004000" elapsed="0.142298"/>
</kw>
<status status="PASS" start="2024-12-29T13:38:45.003628" elapsed="0.142887"/>
</kw>
<kw name="And I Click on Feature Name" owner="search_feature_steps">
<kw name="Wait Until Element Is Visible" owner="SeleniumLibrary">
<arg>//span[contains(text(), '${FEATURE_SEARCH}')]</arg>
<arg>timeout=15 seconds</arg>
<doc>Waits until the element ``locator`` is visible.</doc>
<status status="PASS" start="2024-12-29T13:38:45.157357" elapsed="0.032605"/>
</kw>
<kw name="Click Element" owner="SeleniumLibrary">
<msg time="2024-12-29T13:38:45.190645" level="INFO">Clicking element '//span[contains(text(), '[FE] - User Login')]'.</msg>
<arg>//span[contains(text(), '${FEATURE_SEARCH}')]</arg>
<doc>Click the element identified by ``locator``.</doc>
<status status="PASS" start="2024-12-29T13:38:45.190256" elapsed="2.815507"/>
</kw>
<status status="PASS" start="2024-12-29T13:38:45.156960" elapsed="2.849023"/>
</kw>
<kw name="Then I Am On The Scenario Page" owner="search_feature_steps">
<kw name="Page Should Contain" owner="SeleniumLibrary">
<msg time="2024-12-29T13:38:48.025605" level="INFO">Current page contains text '[FE] - User Login'.</msg>
<arg>${FEATURE_SEARCH}</arg>
<doc>Verifies that current page contains ``text``.</doc>
<status status="PASS" start="2024-12-29T13:38:48.007514" elapsed="0.018351"/>
</kw>
<kw name="Page Should Contain" owner="SeleniumLibrary">
<msg time="2024-12-29T13:38:48.047588" level="INFO">Current page contains text 'Scenario'.</msg>
<arg>Scenario</arg>
<doc>Verifies that current page contains ``text``.</doc>
<status status="PASS" start="2024-12-29T13:38:48.026093" elapsed="0.022768"/>
</kw>
<status status="PASS" start="2024-12-29T13:38:48.007120" elapsed="0.042253"/>
</kw>
<status status="PASS" start="2024-12-29T13:38:44.953731" elapsed="3.096831"/>
</test>
<status status="PASS" start="2024-12-29T13:38:26.159043" elapsed="21.893280"/>
</suite>
<statistics>
<total>
<stat pass="2" fail="0" skip="0">All Tests</stat>
</total>
<tag>
</tag>
<suite>
<stat pass="2" fail="0" skip="0" id="s1" name="Search Feature">Search Feature</stat>
</suite>
</statistics>
<errors>
</errors>
</robot>
